Using pre-set license
Built from '2022.3/staging' branch; Version is '2022.3.29f1 (8d510ca76d2b) revision 9261324'; Using compiler version '192829333'; Build Type 'Release'
OS: 'Windows 11  (10.0.22631) 64bit CoreSingleLanguage' Language: 'en' Physical Memory: 16235 MB
BatchMode: 1, IsHumanControllingUs: 0, StartBugReporterOnCrash: 0, Is64bit: 1, IsPro: 1

COMMAND LINE ARGUMENTS:
C:\Program Files\Unity\Hub\Editor\2022.3.29f1\Editor\Unity.exe
-adb2
-batchMode
-noUpm
-name
AssetImportWorker2
-projectPath
C:/Users/phamh/Documents/MEGA/Unity/SandBoxGame
-logFile
Logs/AssetImportWorker2.log
-srvPort
53194
Successfully changed project path to: C:/Users/phamh/Documents/MEGA/Unity/SandBoxGame
C:/Users/phamh/Documents/MEGA/Unity/SandBoxGame
[UnityMemory] Configuration Parameters - Can be set up in boot.config
    "memorysetup-bucket-allocator-granularity=16"
    "memorysetup-bucket-allocator-bucket-count=8"
    "memorysetup-bucket-allocator-block-size=33554432"
    "memorysetup-bucket-allocator-block-count=8"
    "memorysetup-main-allocator-block-size=16777216"
    "memorysetup-thread-allocator-block-size=16777216"
    "memorysetup-gfx-main-allocator-block-size=16777216"
    "memorysetup-gfx-thread-allocator-block-size=16777216"
    "memorysetup-cache-allocator-block-size=4194304"
    "memorysetup-typetree-allocator-block-size=2097152"
    "memorysetup-profiler-bucket-allocator-granularity=16"
    "memorysetup-profiler-bucket-allocator-bucket-count=8"
    "memorysetup-profiler-bucket-allocator-block-size=33554432"
    "memorysetup-profiler-bucket-allocator-block-count=8"
    "memorysetup-profiler-allocator-block-size=16777216"
    "memorysetup-profiler-editor-allocator-block-size=1048576"
    "memorysetup-temp-allocator-size-main=16777216"
    "memorysetup-job-temp-allocator-block-size=2097152"
    "memorysetup-job-temp-allocator-block-size-background=1048576"
    "memorysetup-job-temp-allocator-reduction-small-platforms=262144"
    "memorysetup-allocator-temp-initial-block-size-main=262144"
    "memorysetup-allocator-temp-initial-block-size-worker=262144"
    "memorysetup-temp-allocator-size-background-worker=32768"
    "memorysetup-temp-allocator-size-job-worker=262144"
    "memorysetup-temp-allocator-size-preload-manager=33554432"
    "memorysetup-temp-allocator-size-nav-mesh-worker=65536"
    "memorysetup-temp-allocator-size-audio-worker=65536"
    "memorysetup-temp-allocator-size-cloud-worker=32768"
    "memorysetup-temp-allocator-size-gi-baking-worker=262144"
    "memorysetup-temp-allocator-size-gfx=262144"
Player connection [4752] Host "[IP] 192.168.1.16 [Port] 0 [Flags] 2 [Guid] 1555244860 [EditorId] 1555244860 [Version] 1048832 [Id] WindowsEditor(7,Duckins) [Debug] 1 [PackageName] WindowsEditor [ProjectName] Editor" joined multi-casting on [225.0.0.222:54997]...

Player connection [4752] Host "[IP] 192.168.1.16 [Port] 0 [Flags] 2 [Guid] 1555244860 [EditorId] 1555244860 [Version] 1048832 [Id] WindowsEditor(7,Duckins) [Debug] 1 [PackageName] WindowsEditor [ProjectName] Editor" joined alternative multi-casting on [225.0.0.222:34997]...

[Physics::Module] Initialized MultithreadedJobDispatcher with 11 workers.
Refreshing native plugins compatible for Editor in 152.69 ms, found 2 plugins.
Preloading 0 native plugins for Editor in 0.00 ms.
Initialize engine version: 2022.3.29f1 (8d510ca76d2b)
[Subsystems] Discovering subsystems at path C:/Program Files/Unity/Hub/Editor/2022.3.29f1/Editor/Data/Resources/UnitySubsystems
[Subsystems] Discovering subsystems at path C:/Users/phamh/Documents/MEGA/Unity/SandBoxGame/Assets
GfxDevice: creating device client; threaded=0; jobified=0
Direct3D:
    Version:  Direct3D 11.0 [level 11.1]
    Renderer: NVIDIA GeForce GTX 1650 (ID=0x1f91)
    Vendor:   NVIDIA
    VRAM:     3935 MB
    Driver:   31.0.15.5244
Initialize mono
Mono path[0] = 'C:/Program Files/Unity/Hub/Editor/2022.3.29f1/Editor/Data/Managed'
Mono path[1] = 'C:/Program Files/Unity/Hub/Editor/2022.3.29f1/Editor/Data/MonoBleedingEdge/lib/mono/unityjit-win32'
Mono config path = 'C:/Program Files/Unity/Hub/Editor/2022.3.29f1/Editor/Data/MonoBleedingEdge/etc'
Using monoOptions --debugger-agent=transport=dt_socket,embedding=1,server=y,suspend=n,address=127.0.0.1:56056
Begin MonoManager ReloadAssembly
Registering precompiled unity dll's ...
Register platform support module: C:/Program Files/Unity/Hub/Editor/2022.3.29f1/Editor/Data/PlaybackEngines/WebGLSupport/UnityEditor.WebGL.Extensions.dll
Register platform support module: C:/Program Files/Unity/Hub/Editor/2022.3.29f1/Editor/Data/PlaybackEngines/WindowsStandaloneSupport/UnityEditor.WindowsStandalone.Extensions.dll
Registered in 0.007305 seconds.
- Loaded All Assemblies, in  0.839 seconds
Native extension for WindowsStandalone target not found
Native extension for WebGL target not found
Mono: successfully reloaded assembly
- Finished resetting the current domain, in  0.326 seconds
Domain Reload Profiling: 1164ms
	BeginReloadAssembly (106ms)
		ExecutionOrderSort (0ms)
		DisableScriptedObjects (0ms)
		BackupInstance (0ms)
		ReleaseScriptingObjects (0ms)
		CreateAndSetChildDomain (1ms)
	RebuildCommonClasses (35ms)
	RebuildNativeTypeToScriptingClass (11ms)
	initialDomainReloadingComplete (59ms)
	LoadAllAssembliesAndSetupDomain (627ms)
		LoadAssemblies (104ms)
		RebuildTransferFunctionScriptingTraits (0ms)
		AnalyzeDomain (624ms)
			TypeCache.Refresh (623ms)
				TypeCache.ScanAssembly (351ms)
			ScanForSourceGeneratedMonoScriptInfo (0ms)
			ResolveRequiredComponents (0ms)
	FinalizeReload (327ms)
		ReleaseScriptCaches (0ms)
		RebuildScriptCaches (0ms)
		SetupLoadedEditorAssemblies (263ms)
			LogAssemblyErrors (0ms)
			InitializePlatformSupportModulesInManaged (10ms)
			SetLoadedEditorAssemblies (6ms)
			RefreshPlugins (0ms)
			BeforeProcessingInitializeOnLoad (2ms)
			ProcessInitializeOnLoadAttributes (188ms)
			ProcessInitializeOnLoadMethodAttributes (57ms)
			AfterProcessingInitializeOnLoad (0ms)
			EditorAssembliesLoaded (0ms)
		ExecutionOrderSort2 (0ms)
		AwakeInstancesAfterBackupRestoration (0ms)
========================================================================
Worker process is ready to serve import requests
Begin MonoManager ReloadAssembly
- Loaded All Assemblies, in  0.709 seconds
Refreshing native plugins compatible for Editor in 3.64 ms, found 2 plugins.
Native extension for WindowsStandalone target not found
Native extension for WebGL target not found
Mono: successfully reloaded assembly
- Finished resetting the current domain, in  0.597 seconds
Domain Reload Profiling: 1304ms
	BeginReloadAssembly (228ms)
		ExecutionOrderSort (0ms)
		DisableScriptedObjects (6ms)
		BackupInstance (0ms)
		ReleaseScriptingObjects (0ms)
		CreateAndSetChildDomain (28ms)
	RebuildCommonClasses (38ms)
	RebuildNativeTypeToScriptingClass (13ms)
	initialDomainReloadingComplete (49ms)
	LoadAllAssembliesAndSetupDomain (378ms)
		LoadAssemblies (361ms)
		RebuildTransferFunctionScriptingTraits (0ms)
		AnalyzeDomain (166ms)
			TypeCache.Refresh (132ms)
				TypeCache.ScanAssembly (117ms)
			ScanForSourceGeneratedMonoScriptInfo (26ms)
			ResolveRequiredComponents (7ms)
	FinalizeReload (598ms)
		ReleaseScriptCaches (0ms)
		RebuildScriptCaches (0ms)
		SetupLoadedEditorAssemblies (412ms)
			LogAssemblyErrors (0ms)
			InitializePlatformSupportModulesInManaged (8ms)
			SetLoadedEditorAssemblies (4ms)
			RefreshPlugins (0ms)
			BeforeProcessingInitializeOnLoad (92ms)
			ProcessInitializeOnLoadAttributes (258ms)
			ProcessInitializeOnLoadMethodAttributes (45ms)
			AfterProcessingInitializeOnLoad (5ms)
			EditorAssembliesLoaded (0ms)
		ExecutionOrderSort2 (0ms)
		AwakeInstancesAfterBackupRestoration (7ms)
Launched and connected shader compiler UnityShaderCompiler.exe after 0.10 seconds
Refreshing native plugins compatible for Editor in 3.70 ms, found 2 plugins.
Preloading 0 native plugins for Editor in 0.00 ms.
Unloading 3870 Unused Serialized files (Serialized files now loaded: 0)
Unloading 61 unused Assets / (214.8 KB). Loaded Objects now: 4352.
Memory consumption went from 150.9 MB to 150.7 MB.
Total: 4.205900 ms (FindLiveObjects: 0.477800 ms CreateObjectMapping: 0.292800 ms MarkObjects: 3.258500 ms  DeleteObjects: 0.175500 ms)

AssetImportParameters requested are different than current active one (requested -> active):
  custom:container-demuxer-ogg: 62fdf1f143b41e24485cea50d1cbac27 -> 
  custom:video-codec-MediaFoundation-h265: 746d11721c4dcdbdad8f713fa42b33f4 -> 
  custom:video-decoder-ogg-theora: a1e56fd34408186e4bbccfd4996cb3dc -> 
  custom:framework-win-MediaFoundation: 216162199b28c13a410421893ffa2e32 -> 
  custom:CustomObjectIndexerAttribute: 9a22284fe3817be447336de3de66b15e -> 
  custom:container-demuxer-webm: 4f35f7cbe854078d1ac9338744f61a02 -> 
  custom:container-muxer-webm: aa71ff27fc2769a1b78a27578f13a17b -> 
  custom:video-decoder-webm-vp8: 9c59270c3fd7afecdb556c50c9e8de78 -> 
  custom:SearchIndexIgnoredProperties: e643bd26f0fe6173181afceb89e7c659 -> 
  custom:AudioImporter_EditorPlatform: d09bf68614088b80899f8185d706f6e7 -> 
  custom:video-encoder-webm-vp8: eb34c28f22e8b96e1ab97ce403110664 -> 
  custom:audio-decoder-ogg-vorbis: bf7c407c2cedff20999df2af8eb42d56 -> 
  custom:audio-encoder-webm-vorbis: bf7c407c2cedff20999df2af8eb42d56 -> 
========================================================================
Received Import Request.
  Time since last request: 99760.495210 seconds.
  path: Assets/Scenes/SC Demo Scene - Village Props.unity
  artifactKey: Guid(104b0d14871d44f4881963af94f49350) Importer(815301076,1909f56bfc062723c751e8b465ee728b)
Start importing Assets/Scenes/SC Demo Scene - Village Props.unity using Guid(104b0d14871d44f4881963af94f49350) Importer(815301076,1909f56bfc062723c751e8b465ee728b)  -> (artifact id: '3bcadeff46fcea7d0abb19dd59b71022') in 0.002977 seconds
Number of updated asset objects reloaded before import = 0
Number of asset objects unloaded after import = 0
========================================================================
Received Import Request.
  Time since last request: 0.461647 seconds.
  path: Assets/Scenes/DefaultTerrain.unity
  artifactKey: Guid(2cda990e2423bbf4892e6590ba056729) Importer(815301076,1909f56bfc062723c751e8b465ee728b)
Start importing Assets/Scenes/DefaultTerrain.unity using Guid(2cda990e2423bbf4892e6590ba056729) Importer(815301076,1909f56bfc062723c751e8b465ee728b)  -> (artifact id: '1f8dfc755348c3b17ece85d0fb04e10d') in 0.000654 seconds
Number of updated asset objects reloaded before import = 0
Number of asset objects unloaded after import = 0
========================================================================
Received Import Request.
  Time since last request: 4.372616 seconds.
  path: Assets/Scenes/Game.unity
  artifactKey: Guid(2cda990e2423bbf4892e6590ba056729) Importer(815301076,1909f56bfc062723c751e8b465ee728b)
Start importing Assets/Scenes/Game.unity using Guid(2cda990e2423bbf4892e6590ba056729) Importer(815301076,1909f56bfc062723c751e8b465ee728b)  -> (artifact id: '9458221f3401b582119a61e0d421746d') in 0.000939 seconds
Number of updated asset objects reloaded before import = 0
Number of asset objects unloaded after import = 0
========================================================================
Received Import Request.
  Time since last request: 1.003855 seconds.
  path: Assets/Scenes
  artifactKey: Guid(0cf4f69160c92564885e1740dd4aef93) Importer(815301076,1909f56bfc062723c751e8b465ee728b)
Start importing Assets/Scenes using Guid(0cf4f69160c92564885e1740dd4aef93) Importer(815301076,1909f56bfc062723c751e8b465ee728b)  -> (artifact id: '315a63d4a24d3af28c1b844078ae9600') in 0.000599 seconds
Number of updated asset objects reloaded before import = 0
Number of asset objects unloaded after import = 0
========================================================================
Received Import Request.
  Time since last request: 9.928999 seconds.
  path: Assets/Scenes/Character.unity
  artifactKey: Guid(d2f8ec4b4324cc54db0b28fe9c5db6ae) Importer(815301076,1909f56bfc062723c751e8b465ee728b)
Start importing Assets/Scenes/Character.unity using Guid(d2f8ec4b4324cc54db0b28fe9c5db6ae) Importer(815301076,1909f56bfc062723c751e8b465ee728b)  -> (artifact id: '1ff0ca4669b2c62c109896aadcc7d93b') in 0.000607 seconds
Number of updated asset objects reloaded before import = 0
Number of asset objects unloaded after import = 0
========================================================================
Received Import Request.
  Time since last request: 92.472322 seconds.
  path: Assets/Resources/Character/Player/CharacterSheet.png
  artifactKey: Guid(496562456fdbe6647887febf11640c70) Importer(815301076,1909f56bfc062723c751e8b465ee728b)
Start importing Assets/Resources/Character/Player/CharacterSheet.png using Guid(496562456fdbe6647887febf11640c70) Importer(815301076,1909f56bfc062723c751e8b465ee728b)  -> (artifact id: 'ba5f4496cb88c419f8d13bdac9d91c89') in 0.192461 seconds
Number of updated asset objects reloaded before import = 0
Number of asset objects unloaded after import = 16
========================================================================
Received Import Request.
  Time since last request: 4.981638 seconds.
  path: Assets/Resources/Character/Player/Animations
  artifactKey: Guid(c661a1def58ff2946b0affed175d3451) Importer(815301076,1909f56bfc062723c751e8b465ee728b)
Start importing Assets/Resources/Character/Player/Animations using Guid(c661a1def58ff2946b0affed175d3451) Importer(815301076,1909f56bfc062723c751e8b465ee728b)  -> (artifact id: '088712eb59e6fd7e0d3a654e07a73df0') in 0.000843 seconds
Number of updated asset objects reloaded before import = 0
Number of asset objects unloaded after import = 0
========================================================================
Received Import Request.
  Time since last request: 69.413934 seconds.
  path: Assets/Resources/Character/Player/Animations/Character1/Character1Fall.anim
  artifactKey: Guid(eab4b6e586e2e0f4481864ea20090ad9) Importer(815301076,1909f56bfc062723c751e8b465ee728b)
Start importing Assets/Resources/Character/Player/Animations/Character1/Character1Fall.anim using Guid(eab4b6e586e2e0f4481864ea20090ad9) Importer(815301076,1909f56bfc062723c751e8b465ee728b)  -> (artifact id: '1a2bf03ea94c23ec95d7352c7a7e6e73') in 0.001380 seconds
Number of updated asset objects reloaded before import = 0
Number of asset objects unloaded after import = 1
========================================================================
Received Import Request.
  Time since last request: 22.085574 seconds.
  path: Assets/Resources/Character/Player/Animations/Character2/Character2Fall.anim
  artifactKey: Guid(d574964f3ed3d41408e26801505a713f) Importer(815301076,1909f56bfc062723c751e8b465ee728b)
Start importing Assets/Resources/Character/Player/Animations/Character2/Character2Fall.anim using Guid(d574964f3ed3d41408e26801505a713f) Importer(815301076,1909f56bfc062723c751e8b465ee728b)  -> (artifact id: '6eb53dc58bbb722d601f07be017c1fb4') in 0.001037 seconds
Number of updated asset objects reloaded before import = 0
Number of asset objects unloaded after import = 1
========================================================================
Received Import Request.
  Time since last request: 2.654122 seconds.
  path: Assets/Resources/Character/Player/Animations/Character2/Character2Idle.anim
  artifactKey: Guid(eb41ce69c5985684c8addeaab48bb894) Importer(815301076,1909f56bfc062723c751e8b465ee728b)
Start importing Assets/Resources/Character/Player/Animations/Character2/Character2Idle.anim using Guid(eb41ce69c5985684c8addeaab48bb894) Importer(815301076,1909f56bfc062723c751e8b465ee728b)  -> (artifact id: 'a2fa4ce55fbac7935c86a5e351c9e273') in 0.001461 seconds
Number of updated asset objects reloaded before import = 0
Number of asset objects unloaded after import = 1
========================================================================
Received Import Request.
  Time since last request: 0.486256 seconds.
  path: Assets/Resources/Character/Player/Animations/Character2/Character2Jump.anim
  artifactKey: Guid(6708c44f4d5506049b3773b7fdf64697) Importer(815301076,1909f56bfc062723c751e8b465ee728b)
Start importing Assets/Resources/Character/Player/Animations/Character2/Character2Jump.anim using Guid(6708c44f4d5506049b3773b7fdf64697) Importer(815301076,1909f56bfc062723c751e8b465ee728b)  -> (artifact id: '064a741ff99590d952d319803ee20342') in 0.002481 seconds
Number of updated asset objects reloaded before import = 0
Number of asset objects unloaded after import = 1
========================================================================
Received Import Request.
  Time since last request: 0.348855 seconds.
  path: Assets/Resources/Character/Player/Animations/Character2/Character2Run.anim
  artifactKey: Guid(bd2943c54a7f1b44ab49692e9599a68b) Importer(815301076,1909f56bfc062723c751e8b465ee728b)
Start importing Assets/Resources/Character/Player/Animations/Character2/Character2Run.anim using Guid(bd2943c54a7f1b44ab49692e9599a68b) Importer(815301076,1909f56bfc062723c751e8b465ee728b)  -> (artifact id: 'c9181742696a5070dafe868d32ea2236') in 0.001247 seconds
Number of updated asset objects reloaded before import = 0
Number of asset objects unloaded after import = 1
========================================================================
Received Import Request.
  Time since last request: 79.526402 seconds.
  path: Assets/Resources/Character/Knight/Death/Death.aseprite
  artifactKey: Guid(16d22982d02dfca4b8f27661f3886143) Importer(815301076,1909f56bfc062723c751e8b465ee728b)
Start importing Assets/Resources/Character/Knight/Death/Death.aseprite using Guid(16d22982d02dfca4b8f27661f3886143) Importer(815301076,1909f56bfc062723c751e8b465ee728b)  -> (artifact id: '5831dc64b8494ff77b6610ff8b25a43f') in 0.119147 seconds
Number of updated asset objects reloaded before import = 0
Number of asset objects unloaded after import = 17
========================================================================
Received Import Request.
  Time since last request: 77.398131 seconds.
  path: Assets/Resources/Character/Enemy/EnemySheet.png
  artifactKey: Guid(fc1d67a4622f38e4a97f5152c1977ca9) Importer(815301076,1909f56bfc062723c751e8b465ee728b)
Start importing Assets/Resources/Character/Enemy/EnemySheet.png using Guid(fc1d67a4622f38e4a97f5152c1977ca9) Importer(815301076,1909f56bfc062723c751e8b465ee728b)  -> (artifact id: 'efc844b2dab82e19bc4a83f9ff1da302') in 0.027567 seconds
Number of updated asset objects reloaded before import = 0
Number of asset objects unloaded after import = 5
========================================================================
Received Import Request.
  Time since last request: 9.869133 seconds.
  path: Assets/Resources/Character/Scenes/Asset Gallery.unity
  artifactKey: Guid(6087868b452c7624386d9d3b185a5e5e) Importer(815301076,1909f56bfc062723c751e8b465ee728b)
Start importing Assets/Resources/Character/Scenes/Asset Gallery.unity using Guid(6087868b452c7624386d9d3b185a5e5e) Importer(815301076,1909f56bfc062723c751e8b465ee728b)  -> (artifact id: '2e5a7ea8abcecfe31eaa1ba9d52962fc') in 0.000784 seconds
Number of updated asset objects reloaded before import = 0
Number of asset objects unloaded after import = 0
========================================================================
Received Import Request.
  Time since last request: 5.582263 seconds.
  path: Assets/Resources/Character/Scenes/Demo Level.unity
  artifactKey: Guid(f2dff846673e50442bf59ef0bace187c) Importer(815301076,1909f56bfc062723c751e8b465ee728b)
Start importing Assets/Resources/Character/Scenes/Demo Level.unity using Guid(f2dff846673e50442bf59ef0bace187c) Importer(815301076,1909f56bfc062723c751e8b465ee728b)  -> (artifact id: 'b8e75b774ae3f8f203349ceeab02084e') in 0.000565 seconds
Number of updated asset objects reloaded before import = 0
Number of asset objects unloaded after import = 0
========================================================================
Received Import Request.
  Time since last request: 18.400309 seconds.
  path: Assets/TextMesh Pro/Examples & Extras/Resources/Fonts & Materials/Roboto-Bold SDF.asset
  artifactKey: Guid(5302535af1044152a457ed104f1f4b91) Importer(815301076,1909f56bfc062723c751e8b465ee728b)
Start importing Assets/TextMesh Pro/Examples & Extras/Resources/Fonts & Materials/Roboto-Bold SDF.asset using Guid(5302535af1044152a457ed104f1f4b91) Importer(815301076,1909f56bfc062723c751e8b465ee728b)  -> (artifact id: 'd28680178af0c33f5043b44b0e1cb4a1') in 0.187791 seconds
Number of updated asset objects reloaded before import = 0
Number of asset objects unloaded after import = 6
========================================================================
Received Import Request.
  Time since last request: 0.750084 seconds.
  path: Assets/Resources/Material/FX/MT FX Stone of Recall Glow.mat
  artifactKey: Guid(4840ba71e7e040b47856248d0e721935) Importer(815301076,1909f56bfc062723c751e8b465ee728b)
Start importing Assets/Resources/Material/FX/MT FX Stone of Recall Glow.mat using Guid(4840ba71e7e040b47856248d0e721935) Importer(815301076,1909f56bfc062723c751e8b465ee728b)  -> (artifact id: 'ef7c83bb9b054f270ba643b7829129ca') in 0.014812 seconds
Number of updated asset objects reloaded before import = 0
Number of asset objects unloaded after import = 1
========================================================================
Received Import Request.
  Time since last request: 0.000775 seconds.
  path: Assets/TextMesh Pro/Examples & Extras/Resources/Fonts & Materials/Roboto-Bold SDF - Drop Shadow.mat
  artifactKey: Guid(b246c4190f4e46ec9352fe15a7b09ce0) Importer(815301076,1909f56bfc062723c751e8b465ee728b)
Start importing Assets/TextMesh Pro/Examples & Extras/Resources/Fonts & Materials/Roboto-Bold SDF - Drop Shadow.mat using Guid(b246c4190f4e46ec9352fe15a7b09ce0) Importer(815301076,1909f56bfc062723c751e8b465ee728b)  -> (artifact id: 'fa965b62f8c2da2a16c4dd13f5a0e821') in 0.109309 seconds
Number of updated asset objects reloaded before import = 0
Number of asset objects unloaded after import = 2
========================================================================
Received Import Request.
  Time since last request: 0.000087 seconds.
  path: Assets/Resources/Material/FX/MT FX Flame Spark.mat
  artifactKey: Guid(23524a906e8f5eb4384f92eb87af52f4) Importer(815301076,1909f56bfc062723c751e8b465ee728b)
Start importing Assets/Resources/Material/FX/MT FX Flame Spark.mat using Guid(23524a906e8f5eb4384f92eb87af52f4) Importer(815301076,1909f56bfc062723c751e8b465ee728b)  -> (artifact id: '66744a33a4949df2cb87bbb5eb04e211') in 0.008854 seconds
Number of updated asset objects reloaded before import = 0
Number of asset objects unloaded after import = 1
========================================================================
Received Import Request.
  Time since last request: 0.000123 seconds.
  path: Assets/Resources/Material/FX/MT FX Flame Glow.mat
  artifactKey: Guid(6c48dc6ed4cda324b83bb2391ca6fb9a) Importer(815301076,1909f56bfc062723c751e8b465ee728b)
Start importing Assets/Resources/Material/FX/MT FX Flame Glow.mat using Guid(6c48dc6ed4cda324b83bb2391ca6fb9a) Importer(815301076,1909f56bfc062723c751e8b465ee728b)  -> (artifact id: '3265ce755a946e4464b0c1e4d8db639d') in 0.016129 seconds
Number of updated asset objects reloaded before import = 0
Number of asset objects unloaded after import = 1
========================================================================
Received Import Request.
  Time since last request: 0.000017 seconds.
  path: Assets/Resources/Material/FX/MT FX Flame.mat
  artifactKey: Guid(dce4faabfa7d00147bb7d853e5c1fbf3) Importer(815301076,1909f56bfc062723c751e8b465ee728b)
Start importing Assets/Resources/Material/FX/MT FX Flame.mat using Guid(dce4faabfa7d00147bb7d853e5c1fbf3) Importer(815301076,1909f56bfc062723c751e8b465ee728b)  -> (artifact id: 'f3d2cb67c282d32fe69173f6a2fa211b') in 0.018106 seconds
Number of updated asset objects reloaded before import = 0
Number of asset objects unloaded after import = 2
========================================================================
Received Import Request.
  Time since last request: 0.000019 seconds.
  path: Assets/TextMesh Pro/Resources/Fonts & Materials/LiberationSans SDF - Fallback.asset
  artifactKey: Guid(2e498d1c8094910479dc3e1b768306a4) Importer(815301076,1909f56bfc062723c751e8b465ee728b)
Start importing Assets/TextMesh Pro/Resources/Fonts & Materials/LiberationSans SDF - Fallback.asset using Guid(2e498d1c8094910479dc3e1b768306a4) Importer(815301076,1909f56bfc062723c751e8b465ee728b)  -> (artifact id: 'ce01386868d8372ef502b7698a1bbf71') in 0.024732 seconds
Number of updated asset objects reloaded before import = 0
Number of asset objects unloaded after import = 6
========================================================================
Received Import Request.
  Time since last request: 0.000057 seconds.
  path: Assets/TextMesh Pro/Examples & Extras/Resources/Fonts & Materials/Roboto-Bold SDF - Surface.mat
  artifactKey: Guid(e6b276ec991f467aa14ef1f3cc665993) Importer(815301076,1909f56bfc062723c751e8b465ee728b)
Start importing Assets/TextMesh Pro/Examples & Extras/Resources/Fonts & Materials/Roboto-Bold SDF - Surface.mat using Guid(e6b276ec991f467aa14ef1f3cc665993) Importer(815301076,1909f56bfc062723c751e8b465ee728b)  -> (artifact id: '1c3122bf809956cc7faf3b9b6590a6ff') in 0.220032 seconds
Number of updated asset objects reloaded before import = 0
Number of asset objects unloaded after import = 2
========================================================================
Received Prepare
Begin MonoManager ReloadAssembly
- Loaded All Assemblies, in  0.595 seconds
Refreshing native plugins compatible for Editor in 4.25 ms, found 2 plugins.
Native extension for WindowsStandalone target not found
Native extension for WebGL target not found
Mono: successfully reloaded assembly
- Finished resetting the current domain, in  1.319 seconds
Domain Reload Profiling: 1911ms
	BeginReloadAssembly (235ms)
		ExecutionOrderSort (0ms)
		DisableScriptedObjects (19ms)
		BackupInstance (0ms)
		ReleaseScriptingObjects (0ms)
		CreateAndSetChildDomain (44ms)
	RebuildCommonClasses (46ms)
	RebuildNativeTypeToScriptingClass (20ms)
	initialDomainReloadingComplete (40ms)
	LoadAllAssembliesAndSetupDomain (249ms)
		LoadAssemblies (361ms)
		RebuildTransferFunctionScriptingTraits (0ms)
		AnalyzeDomain (16ms)
			TypeCache.Refresh (6ms)
				TypeCache.ScanAssembly (0ms)
			ScanForSourceGeneratedMonoScriptInfo (0ms)
			ResolveRequiredComponents (9ms)
	FinalizeReload (1320ms)
		ReleaseScriptCaches (0ms)
		RebuildScriptCaches (0ms)
		SetupLoadedEditorAssemblies (543ms)
			LogAssemblyErrors (0ms)
			InitializePlatformSupportModulesInManaged (14ms)
			SetLoadedEditorAssemblies (5ms)
			RefreshPlugins (0ms)
			BeforeProcessingInitializeOnLoad (112ms)
			ProcessInitializeOnLoadAttributes (342ms)
			ProcessInitializeOnLoadMethodAttributes (59ms)
			AfterProcessingInitializeOnLoad (9ms)
			EditorAssembliesLoaded (0ms)
		ExecutionOrderSort2 (0ms)
		AwakeInstancesAfterBackupRestoration (28ms)
Refreshing native plugins compatible for Editor in 6.56 ms, found 2 plugins.
Preloading 0 native plugins for Editor in 0.00 ms.
Unloading 3851 Unused Serialized files (Serialized files now loaded: 0)
Unloading 35 unused Assets / (214.4 KB). Loaded Objects now: 4419.
Memory consumption went from 151.1 MB to 150.9 MB.
Total: 4.552500 ms (FindLiveObjects: 0.384500 ms CreateObjectMapping: 0.303600 ms MarkObjects: 3.497400 ms  DeleteObjects: 0.365600 ms)

Prepare: number of updated asset objects reloaded= 0
AssetImportParameters requested are different than current active one (requested -> active):
  custom:container-demuxer-ogg: 62fdf1f143b41e24485cea50d1cbac27 -> 
  custom:video-codec-MediaFoundation-h265: 746d11721c4dcdbdad8f713fa42b33f4 -> 
  custom:video-decoder-ogg-theora: a1e56fd34408186e4bbccfd4996cb3dc -> 
  custom:framework-win-MediaFoundation: 216162199b28c13a410421893ffa2e32 -> 
  custom:CustomObjectIndexerAttribute: 9a22284fe3817be447336de3de66b15e -> 
  custom:container-demuxer-webm: 4f35f7cbe854078d1ac9338744f61a02 -> 
  custom:container-muxer-webm: aa71ff27fc2769a1b78a27578f13a17b -> 
  custom:video-decoder-webm-vp8: 9c59270c3fd7afecdb556c50c9e8de78 -> 
  custom:SearchIndexIgnoredProperties: e643bd26f0fe6173181afceb89e7c659 -> 
  custom:AudioImporter_EditorPlatform: d09bf68614088b80899f8185d706f6e7 -> 
  custom:video-encoder-webm-vp8: eb34c28f22e8b96e1ab97ce403110664 -> 
  custom:audio-decoder-ogg-vorbis: bf7c407c2cedff20999df2af8eb42d56 -> 
  custom:audio-encoder-webm-vorbis: bf7c407c2cedff20999df2af8eb42d56 -> 
========================================================================
Received Import Request.
  Time since last request: 40.974336 seconds.
  path: Assets/Resources/Decorations/Spruce Tree/Sprites/Bubble Pine Tree/YELLOW/Sprites/Bubble Pine Tree - YELLOW - 0032.png
  artifactKey: Guid(78fa23701fe74f840927b4a8e85d465d) Importer(815301076,1909f56bfc062723c751e8b465ee728b)
Start importing Assets/Resources/Decorations/Spruce Tree/Sprites/Bubble Pine Tree/YELLOW/Sprites/Bubble Pine Tree - YELLOW - 0032.png using Guid(78fa23701fe74f840927b4a8e85d465d) Importer(815301076,1909f56bfc062723c751e8b465ee728b)  -> (artifact id: 'bb3558aa72e5bdc3b353375b3a305e14') in 0.094426 seconds
Number of updated asset objects reloaded before import = 0
Number of asset objects unloaded after import = 3
========================================================================
Received Import Request.
  Time since last request: 0.000015 seconds.
  path: Assets/Resources/Decorations/Grass-Bush/BUSH FOREGROUND 1-5.png
  artifactKey: Guid(441f0c2aca2fff545bc517e6f139dcd3) Importer(815301076,1909f56bfc062723c751e8b465ee728b)
Start importing Assets/Resources/Decorations/Grass-Bush/BUSH FOREGROUND 1-5.png using Guid(441f0c2aca2fff545bc517e6f139dcd3) Importer(815301076,1909f56bfc062723c751e8b465ee728b)  -> (artifact id: '01304311622b7c14f5d83c8c3246cd15') in 0.025906 seconds
Number of updated asset objects reloaded before import = 0
Number of asset objects unloaded after import = 3
========================================================================
Received Import Request.
  Time since last request: 0.000036 seconds.
  path: Assets/Resources/Decorations/Grass-Bush/BUSH FOREGROUND 1-3.png
  artifactKey: Guid(a97b342cc5260f04cafe1eb0535e607f) Importer(815301076,1909f56bfc062723c751e8b465ee728b)
Start importing Assets/Resources/Decorations/Grass-Bush/BUSH FOREGROUND 1-3.png using Guid(a97b342cc5260f04cafe1eb0535e607f) Importer(815301076,1909f56bfc062723c751e8b465ee728b)  -> (artifact id: '8e9bcb7246ad0350215b32e70497df0c') in 0.021856 seconds
Number of updated asset objects reloaded before import = 0
Number of asset objects unloaded after import = 3
========================================================================
Received Import Request.
  Time since last request: 0.000060 seconds.
  path: Assets/Resources/Decorations/Grass-Bush/BUSH FOREGROUND 1-6.png
  artifactKey: Guid(052ccebcbaae6204f803204b2645d91c) Importer(815301076,1909f56bfc062723c751e8b465ee728b)
Start importing Assets/Resources/Decorations/Grass-Bush/BUSH FOREGROUND 1-6.png using Guid(052ccebcbaae6204f803204b2645d91c) Importer(815301076,1909f56bfc062723c751e8b465ee728b)  -> (artifact id: 'aaf91542f84da1c5a45c89884fd221b2') in 0.020592 seconds
Number of updated asset objects reloaded before import = 0
Number of asset objects unloaded after import = 3
========================================================================
Received Import Request.
  Time since last request: 0.000020 seconds.
  path: Assets/Resources/Decorations/Grass-Bush/BUSH FOREGROUND 1-1.png
  artifactKey: Guid(390501f7c18ef384eb17584a5b462691) Importer(815301076,1909f56bfc062723c751e8b465ee728b)
Start importing Assets/Resources/Decorations/Grass-Bush/BUSH FOREGROUND 1-1.png using Guid(390501f7c18ef384eb17584a5b462691) Importer(815301076,1909f56bfc062723c751e8b465ee728b)  -> (artifact id: '5130ece8ca2f5492c687cf4028ad5490') in 0.019163 seconds
Number of updated asset objects reloaded before import = 0
Number of asset objects unloaded after import = 3
========================================================================
Received Import Request.
  Time since last request: 1901.423373 seconds.
  path: Assets/Resources/Character/Player/CharacterSheet-2.png
  artifactKey: Guid(0bdad6c0e85ae3948a67dbd71ebd8710) Importer(815301076,1909f56bfc062723c751e8b465ee728b)
Start importing Assets/Resources/Character/Player/CharacterSheet-2.png using Guid(0bdad6c0e85ae3948a67dbd71ebd8710) Importer(815301076,1909f56bfc062723c751e8b465ee728b)  -> (artifact id: '544dc616718631980c818d781489e8d8') in 0.032739 seconds
Number of updated asset objects reloaded before import = 0
Number of asset objects unloaded after import = 3
========================================================================
Received Import Request.
  Time since last request: 25.670520 seconds.
  path: Assets/Resources/Character/Player/CharacterSheet-2.png
  artifactKey: Guid(0bdad6c0e85ae3948a67dbd71ebd8710) Importer(815301076,1909f56bfc062723c751e8b465ee728b)
Start importing Assets/Resources/Character/Player/CharacterSheet-2.png using Guid(0bdad6c0e85ae3948a67dbd71ebd8710) Importer(815301076,1909f56bfc062723c751e8b465ee728b)  -> (artifact id: '9ed54d90fdb21d57bd15312ae7c11c5f') in 0.012013 seconds
Number of updated asset objects reloaded before import = 0
Number of asset objects unloaded after import = 3
========================================================================
Received Import Request.
  Time since last request: 22.976946 seconds.
  path: Assets/Resources/Character/Player/CharacterSheet-2.png
  artifactKey: Guid(0bdad6c0e85ae3948a67dbd71ebd8710) Importer(815301076,1909f56bfc062723c751e8b465ee728b)
Start importing Assets/Resources/Character/Player/CharacterSheet-2.png using Guid(0bdad6c0e85ae3948a67dbd71ebd8710) Importer(815301076,1909f56bfc062723c751e8b465ee728b)  -> (artifact id: 'ab9e53f57b14a2ce48e13d79b547627e') in 0.018803 seconds
Number of updated asset objects reloaded before import = 0
Number of asset objects unloaded after import = 2
========================================================================
Received Import Request.
  Time since last request: 26.086487 seconds.
  path: Assets/Resources/Character/Player/CharacterSheet-2.png
  artifactKey: Guid(0bdad6c0e85ae3948a67dbd71ebd8710) Importer(815301076,1909f56bfc062723c751e8b465ee728b)
Start importing Assets/Resources/Character/Player/CharacterSheet-2.png using Guid(0bdad6c0e85ae3948a67dbd71ebd8710) Importer(815301076,1909f56bfc062723c751e8b465ee728b)  -> (artifact id: 'e1398fb386bd1346d7d0c293250fe0ce') in 0.062631 seconds
Number of updated asset objects reloaded before import = 0
Number of asset objects unloaded after import = 9
